*** Using Compiler 'V5.06 update 1 (build 61)', folder: 'D:\Program Files\Keil_v5\ARM\ARMCC\Bin'
Build target 'code'
assembling startup_stm32h743xx.s...
compiling gpio.c...
compiling stm32h7xx_hal_dac.c...
compiling stm32h7xx_it.c...
compiling stm32h7xx_hal_mdma.c...
compiling stm32h7xx_hal_hsem.c...
compiling dma.c...
compiling tim.c...
compiling usart.c...
compiling main.c...
compiling fdcan.c...
compiling stm32h7xx_hal_dac_ex.c...
compiling stm32h7xx_hal_gpio.c...
compiling dac.c...
compiling stm32h7xx_hal_pwr.c...
compiling spi.c...
compiling stm32h7xx_hal_msp.c...
compiling stm32h7xx_hal_flash.c...
compiling stm32h7xx_hal_cortex.c...
compiling stm32h7xx_hal_flash_ex.c...
compiling stm32h7xx_hal_dma_ex.c...
compiling stm32h7xx_hal_rcc.c...
compiling stm32h7xx_hal_rcc_ex.c...
compiling stm32h7xx_hal_dma.c...
compiling stm32h7xx_hal.c...
compiling stm32h7xx_hal_spi_ex.c...
compiling stm32h7xx_hal_i2c_ex.c...
compiling stm32h7xx_hal_uart_ex.c...
compiling stm32h7xx_hal_tim_ex.c...
compiling stm32h7xx_hal_spi.c...
compiling system_stm32h7xx.c...
compiling stm32h7xx_hal_exti.c...
compiling stm32h7xx_hal_i2c.c...
compiling stm32h7xx_hal_pwr_ex.c...
compiling stm32h7xx_hal_fdcan.c...
compiling stm32h7xx_hal_uart.c...
compiling stm32h7xx_hal_tim.c...
linking...
Program Size: Code=27968 RO-data=852 RW-data=36 ZI-data=2116  
FromELF: creating hex file...
"code\code.axf" - 0 Error(s), 0 Warning(s).
Build Time Elapsed:  00:00:22
